<?xml version="1.0" encoding="UTF-8"?>
<!-- Generated by org.testng.reporters.JUnitReportReporter -->
<testsuite hostname="DESKTOP-DJ2KNPJ" failures="0" tests="1" name="testCases.Tc_002_Verify_login_Details" time="2.142" errors="0" timestamp="2025-02-12T21:47:45 CST" skipped="0">
  <testcase classname="testCases.Tc_002_Verify_login_Details" name="Verify_Login" time="2.142"/>
</testsuite> <!-- testCases.Tc_002_Verify_login_Details -->
