<?xml version="1.0" encoding="UTF-8"?>
<!-- Generated by org.testng.reporters.JUnitReportReporter -->
<testsuite hostname="DESKTOP-DJ2KNPJ" failures="0" tests="1" name="testCases.Tc_002_Verify_login_Details" time="1.942" errors="0" timestamp="2025-02-13T17:04:24 CST" skipped="0">
  <testcase classname="testCases.Tc_002_Verify_login_Details" name="Verify_Login" time="1.942"/>
</testsuite> <!-- testCases.Tc_002_Verify_login_Details -->
